<?xml version="1.0" encoding="UTF-8"?>
<!-- Generated by org.testng.reporters.JUnitXMLReporter -->
<testsuite hostname="DESKTOP-NR6TVAI" ignored="0" name="Surefire test" tests="0" failures="0" timestamp="2022-07-14T21:25:45 EET" time="0.072" errors="0">
  <testcase name="@BeforeClass setUpClass" time="0.048" classname="io.cucumber.testng.AbstractTestNGCucumberTests">
    <failure type="java.lang.IllegalArgumentException" message="The plugin specification &amp;apos;return:target/return.txt&amp;apos; has a problem:

Could not load plugin class &amp;apos;return&amp;apos;.

Plugin specifications should have the format of PLUGIN[:[PATH|[URI [OPTIONS]]]

Valid values for PLUGIN are: html, json, junit, message, pretty, progress, rerun, summary, teamcity, testng, timeline, unused, usage

PLUGIN can also be a fully qualified class name, allowing registration of 3rd party plugins. The 3rd party plugin must implement io.cucumber.plugin.Plugin">
      <![CDATA[java.lang.IllegalArgumentException: The plugin specification 'return:target/return.txt' has a problem:

Could not load plugin class 'return'.

Plugin specifications should have the format of PLUGIN[:[PATH|[URI [OPTIONS]]]

Valid values for PLUGIN are: html, json, junit, message, pretty, progress, rerun, summary, teamcity, testng, timeline, unused, usage

PLUGIN can also be a fully qualified class name, allowing registration of 3rd party plugins. The 3rd party plugin must implement io.cucumber.plugin.Plugin
at io.cucumber.core.options.PluginOption.createCouldNotLoadClass(PluginOption.java:165)
at io.cucumber.core.options.PluginOption.parsePluginName(PluginOption.java:143)
at io.cucumber.core.options.PluginOption.parse(PluginOption.java:102)
at io.cucumber.core.options.RuntimeOptionsBuilder.addPluginName(RuntimeOptionsBuilder.java:66)
at io.cucumber.core.options.CucumberOptionsAnnotationParser.addPlugins(CucumberOptionsAnnotationParser.java:86)
at io.cucumber.core.options.CucumberOptionsAnnotationParser.parse(CucumberOptionsAnnotationParser.java:41)
at io.cucumber.testng.TestNGCucumberRunner.<init>(TestNGCucumberRunner.java:85)
at io.cucumber.testng.AbstractTestNGCucumberTests.setUpClass(AbstractTestNGCucumberTests.java:27)
at java.util.ArrayList.forEach(ArrayList.java:1259)
Caused by: java.lang.ClassNotFoundException: return
at java.net.URLClassLoader.findClass(URLClassLoader.java:387)
at java.lang.ClassLoader.loadClass(ClassLoader.java:418)
at sun.misc.Launcher$AppClassLoader.loadClass(Launcher.java:355)
at java.lang.ClassLoader.loadClass(ClassLoader.java:351)
at io.cucumber.core.options.PluginOption.parsePluginName(PluginOption.java:137)
... 37 more
... Removed 30 stack frames]]>
    </failure>
  </testcase> <!-- @BeforeClass setUpClass -->
</testsuite> <!-- Surefire test -->
